<?xml version="1.0" encoding="UTF-8"?>
<!-- Generated by org.testng.reporters.JUnitXMLReporter -->
<testsuite ignored="0" hostname="DESKTOP-EVJIGO7" failures="0" tests="9" name="Test" time="0.418" errors="0" timestamp="2023-09-05T16:44:28 IST">
  <testcase classname="testng.Sample3" name="g1" time="0.026"/>
  <testcase classname="testng.Sample3" name="g2" time="0.009"/>
  <testcase classname="testng.Sample3" name="g3" time="0.018"/>
  <testcase classname="testng.Sample1" name="t1" time="0.017"/>
  <testcase classname="testng.Sample1" name="t2" time="0.007"/>
  <testcase classname="testng.Sample1" name="t3" time="0.02"/>
  <testcase classname="testng.Sample2" name="p1" time="0.022"/>
  <testcase classname="testng.Sample2" name="p2" time="0.02"/>
  <testcase classname="testng.Sample2" name="p3" time="0.013"/>
</testsuite> <!-- Test -->
