<?xml version="1.0" encoding="UTF-8"?>
<testng-results ignored="0" total="9" passed="9" failed="0" skipped="0">
  <reporter-output>
    <line>
      <![CDATA[ravali1]]>
    </line>
    <line>
      <![CDATA[ravali nice]]>
    </line>
    <line>
      <![CDATA[ravali is good girl]]>
    </line>
    <line>
      <![CDATA[hi]]>
    </line>
    <line>
      <![CDATA[hello]]>
    </line>
    <line>
      <![CDATA[ravali]]>
    </line>
    <line>
      <![CDATA[ravali is good girl]]>
    </line>
    <line>
      <![CDATA[ravali is smart girl]]>
    </line>
    <line>
      <![CDATA[ravali is nice girl]]>
    </line>
  </reporter-output>
  <suite started-at="2023-09-05T16:44:27 IST" name="Suite" finished-at="2023-09-05T16:44:27 IST" duration-ms="418">
    <groups>
    </groups>
    <test started-at="2023-09-05T16:44:27 IST" name="Test" finished-at="2023-09-05T16:44:27 IST" duration-ms="418">
      <class name="testng.Sample1">
        <test-method signature="t1()[pri:0, instance:testng.Sample1@27ff5d15]" started-at="2023-09-05T16:44:27 IST" name="t1" finished-at="2023-09-05T16:44:27 IST" duration-ms="17" status="PASS">
          <reporter-output>
            <line>
              <![CDATA[hi]]>
            </line>
          </reporter-output>
        </test-method> <!-- t1 -->
        <test-method signature="t2()[pri:0, instance:testng.Sample1@27ff5d15]" started-at="2023-09-05T16:44:27 IST" name="t2" finished-at="2023-09-05T16:44:27 IST" duration-ms="7" status="PASS">
          <reporter-output>
            <line>
              <![CDATA[hello]]>
            </line>
          </reporter-output>
        </test-method> <!-- t2 -->
        <test-method signature="t3()[pri:0, instance:testng.Sample1@27ff5d15]" started-at="2023-09-05T16:44:27 IST" name="t3" finished-at="2023-09-05T16:44:27 IST" duration-ms="20" status="PASS">
          <reporter-output>
            <line>
              <![CDATA[ravali]]>
            </line>
          </reporter-output>
        </test-method> <!-- t3 -->
      </class> <!-- testng.Sample1 -->
      <class name="testng.Sample2">
        <test-method signature="p1()[pri:0, instance:testng.Sample2@693fe6c9]" started-at="2023-09-05T16:44:27 IST" name="p1" finished-at="2023-09-05T16:44:27 IST" duration-ms="22" status="PASS">
          <reporter-output>
            <line>
              <![CDATA[ravali is good girl]]>
            </line>
          </reporter-output>
        </test-method> <!-- p1 -->
        <test-method signature="p2()[pri:0, instance:testng.Sample2@693fe6c9]" started-at="2023-09-05T16:44:27 IST" name="p2" finished-at="2023-09-05T16:44:27 IST" duration-ms="20" status="PASS">
          <reporter-output>
            <line>
              <![CDATA[ravali is smart girl]]>
            </line>
          </reporter-output>
        </test-method> <!-- p2 -->
        <test-method signature="p3()[pri:0, instance:testng.Sample2@693fe6c9]" started-at="2023-09-05T16:44:27 IST" name="p3" finished-at="2023-09-05T16:44:27 IST" duration-ms="13" status="PASS">
          <reporter-output>
            <line>
              <![CDATA[ravali is nice girl]]>
            </line>
          </reporter-output>
        </test-method> <!-- p3 -->
      </class> <!-- testng.Sample2 -->
      <class name="testng.Sample3">
        <test-method signature="g1()[pri:0, instance:testng.Sample3@378542de]" started-at="2023-09-05T16:44:27 IST" name="g1" finished-at="2023-09-05T16:44:27 IST" duration-ms="26" status="PASS">
          <reporter-output>
            <line>
              <![CDATA[ravali1]]>
            </line>
          </reporter-output>
        </test-method> <!-- g1 -->
        <test-method signature="g2()[pri:0, instance:testng.Sample3@378542de]" started-at="2023-09-05T16:44:27 IST" name="g2" finished-at="2023-09-05T16:44:27 IST" duration-ms="9" status="PASS">
          <reporter-output>
            <line>
              <![CDATA[ravali nice]]>
            </line>
          </reporter-output>
        </test-method> <!-- g2 -->
        <test-method signature="g3()[pri:0, instance:testng.Sample3@378542de]" started-at="2023-09-05T16:44:27 IST" name="g3" finished-at="2023-09-05T16:44:27 IST" duration-ms="18" status="PASS">
          <reporter-output>
            <line>
              <![CDATA[ravali is good girl]]>
            </line>
          </reporter-output>
        </test-method> <!-- g3 -->
      </class> <!-- testng.Sample3 -->
    </test> <!-- Test -->
  </suite> <!-- Suite -->
</testng-results>
